<?xml version="1.0" encoding="UTF-8"?>
<testsuite name="com.projetoAquitetura.ExampleUnitTest" tests="1" skipped="0" failures="0" errors="0" timestamp="2024-09-24T02:04:53" hostname="GLLBOB" time="0.002">
  <properties/>
  <testcase name="addition_isCorrect" classname="com.projetoAquitetura.ExampleUnitTest" time="0.002"/>
  <system-out><![CDATA[]]></system-out>
  <system-err><![CDATA[]]></system-err>
</testsuite>
